<?xml version="1.0" encoding="UTF-8"?>
<!-- Generated by org.testng.reporters.JUnitReportReporter -->
<testsuite hostname="Karthiks-MacBook-Pro.local" failures="0" tests="1" name="com.ap.tests.CartTest" time="64.863" errors="0" timestamp="2021-09-13T09:35:52 IST" skipped="0">
  <testcase classname="com.ap.tests.CartTest" name="Testwishlist" time="64.863"/>
  <system-out/>
</testsuite> <!-- com.ap.tests.CartTest -->
