<?xml version="1.0" encoding="UTF-8"?>
<!-- Generated by org.testng.reporters.JUnitReportReporter -->
<testsuite hostname="Karthiks-MacBook-Pro.local" failures="0" tests="3" name="com.ap.tests.LoginTest" time="59.159" errors="0" timestamp="2021-09-13T09:01:46 IST" skipped="0">
  <testcase classname="com.ap.tests.LoginTest" name="testEmptyLogin" time="11.729"/>
  <system-out/>
  <testcase classname="com.ap.tests.LoginTest" name="testinValidLogin" time="19.412"/>
  <system-out/>
  <testcase classname="com.ap.tests.LoginTest" name="testValidLogin" time="28.018"/>
  <system-out/>
</testsuite> <!-- com.ap.tests.LoginTest -->
