<?xml version="1.0" encoding="UTF-8"?>
<!-- Generated by org.testng.reporters.JUnitReportReporter -->
<testsuite hostname="Karthiks-MacBook-Pro.local" failures="0" tests="3" name="com.ap.tests.LoginTest" time="85.740" errors="0" timestamp="2021-09-13T08:46:33 IST" skipped="0">
  <testcase classname="com.ap.tests.LoginTest" name="testEmptyLogin" time="24.462"/>
  <system-out/>
  <testcase classname="com.ap.tests.LoginTest" name="testValidLogin" time="36.844"/>
  <system-out/>
  <testcase classname="com.ap.tests.LoginTest" name="testinValidLogin" time="24.434"/>
  <system-out/>
</testsuite> <!-- com.ap.tests.LoginTest -->
