<?xml version="1.0" encoding="UTF-8"?>
<testsuite xmlns:xsi="http://www.w3.org/2001/XMLSchema-instance" xsi:noNamespaceSchemaLocation="https://maven.apache.org/surefire/maven-surefire-plugin/xsd/surefire-test-report.xsd" name="TestSuite" time="104.339" tests="3" errors="0" skipped="0" failures="0">
  <properties>
    <property name="gopherProxySet" value="false"/>
    <property name="awt.toolkit" value="sun.lwawt.macosx.LWCToolkit"/>
    <property name="java.specification.version" value="11"/>
    <property name="sun.cpu.isalist" value=""/>
    <property name="sun.jnu.encoding" value="UTF-8"/>
    <property name="java.class.path" value="/Users/karthikreddy/eclipseWorkspace/eclipse-workspace/Batch11MvnPrj/target/test-classes:/Users/karthikreddy/eclipseWorkspace/eclipse-workspace/Batch11MvnPrj/target/classes:/Users/karthikreddy/.m2/repository/org/seleniumhq/selenium/selenium-java/3.141.59/selenium-java-3.141.59.jar:/Users/karthikreddy/.m2/repository/org/seleniumhq/selenium/selenium-api/3.141.59/selenium-api-3.141.59.jar:/Users/karthikreddy/.m2/repository/org/seleniumhq/selenium/selenium-chrome-driver/3.141.59/selenium-chrome-driver-3.141.59.jar:/Users/karthikreddy/.m2/repository/org/seleniumhq/selenium/selenium-edge-driver/3.141.59/selenium-edge-driver-3.141.59.jar:/Users/karthikreddy/.m2/repository/org/seleniumhq/selenium/selenium-firefox-driver/3.141.59/selenium-firefox-driver-3.141.59.jar:/Users/karthikreddy/.m2/repository/org/seleniumhq/selenium/selenium-ie-driver/3.141.59/selenium-ie-driver-3.141.59.jar:/Users/karthikreddy/.m2/repository/org/seleniumhq/selenium/selenium-opera-driver/3.141.59/selenium-opera-driver-3.141.59.jar:/Users/karthikreddy/.m2/repository/org/seleniumhq/selenium/selenium-remote-driver/3.141.59/selenium-remote-driver-3.141.59.jar:/Users/karthikreddy/.m2/repository/org/seleniumhq/selenium/selenium-safari-driver/3.141.59/selenium-safari-driver-3.141.59.jar:/Users/karthikreddy/.m2/repository/org/seleniumhq/selenium/selenium-support/3.141.59/selenium-support-3.141.59.jar:/Users/karthikreddy/.m2/repository/net/bytebuddy/byte-buddy/1.8.15/byte-buddy-1.8.15.jar:/Users/karthikreddy/.m2/repository/org/apache/commons/commons-exec/1.3/commons-exec-1.3.jar:/Users/karthikreddy/.m2/repository/com/google/guava/guava/25.0-jre/guava-25.0-jre.jar:/Users/karthikreddy/.m2/repository/com/google/code/findbugs/jsr305/1.3.9/jsr305-1.3.9.jar:/Users/karthikreddy/.m2/repository/org/checkerframework/checker-compat-qual/2.0.0/checker-compat-qual-2.0.0.jar:/Users/karthikreddy/.m2/repository/com/google/errorprone/error_prone_annotations/2.1.3/error_prone_annotations-2.1.3.jar:/Users/karthikreddy/.m2/repository/com/google/j2objc/j2objc-annotations/1.1/j2objc-annotations-1.1.jar:/Users/karthikreddy/.m2/repository/org/codehaus/mojo/animal-sniffer-annotations/1.14/animal-sniffer-annotations-1.14.jar:/Users/karthikreddy/.m2/repository/com/squareup/okhttp3/okhttp/3.11.0/okhttp-3.11.0.jar:/Users/karthikreddy/.m2/repository/com/squareup/okio/okio/1.14.0/okio-1.14.0.jar:/Users/karthikreddy/.m2/repository/commons-io/commons-io/2.11.0/commons-io-2.11.0.jar:/Users/karthikreddy/.m2/repository/org/testng/testng/7.4.0/testng-7.4.0.jar:/Users/karthikreddy/.m2/repository/com/beust/jcommander/1.78/jcommander-1.78.jar:/Users/karthikreddy/.m2/repository/org/webjars/jquery/3.5.1/jquery-3.5.1.jar:/Users/karthikreddy/.m2/repository/com/aventstack/extentreports/3.1.5/extentreports-3.1.5.jar:/Users/karthikreddy/.m2/repository/org/freemarker/freemarker/2.3.23/freemarker-2.3.23.jar:/Users/karthikreddy/.m2/repository/org/mongodb/mongodb-driver/3.3.0/mongodb-driver-3.3.0.jar:/Users/karthikreddy/.m2/repository/org/mongodb/bson/3.3.0/bson-3.3.0.jar:/Users/karthikreddy/.m2/repository/org/mongodb/mongodb-driver-core/3.3.0/mongodb-driver-core-3.3.0.jar:/Users/karthikreddy/.m2/repository/org/apache/httpcomponents/httpclient/4.5.2/httpclient-4.5.2.jar:/Users/karthikreddy/.m2/repository/org/apache/httpcomponents/httpcore/4.4.4/httpcore-4.4.4.jar:/Users/karthikreddy/.m2/repository/commons-logging/commons-logging/1.2/commons-logging-1.2.jar:/Users/karthikreddy/.m2/repository/commons-codec/commons-codec/1.9/commons-codec-1.9.jar:/Users/karthikreddy/.m2/repository/org/apache/httpcomponents/httpmime/4.5.2/httpmime-4.5.2.jar:/Users/karthikreddy/.m2/repository/org/jsoup/jsoup/1.9.2/jsoup-1.9.2.jar:/Users/karthikreddy/.m2/repository/com/google/code/gson/gson/2.8.0/gson-2.8.0.jar:/Users/karthikreddy/.m2/repository/org/apache/logging/log4j/log4j-api/2.14.1/log4j-api-2.14.1.jar:/Users/karthikreddy/.m2/repository/org/apache/logging/log4j/log4j-core/2.14.1/log4j-core-2.14.1.jar:"/>
    <property name="java.vm.vendor" value="Oracle Corporation"/>
    <property name="sun.arch.data.model" value="64"/>
    <property name="java.vendor.url" value="https://openjdk.java.net/"/>
    <property name="user.timezone" value=""/>
    <property name="java.vm.specification.version" value="11"/>
    <property name="os.name" value="Mac OS X"/>
    <property name="sun.java.launcher" value="SUN_STANDARD"/>
    <property name="user.country" value="GB"/>
    <property name="sun.boot.library.path" value="/Library/Java/JavaVirtualMachines/jdk-11.0.11.jdk/Contents/Home/lib"/>
    <property name="sun.java.command" value="/Users/karthikreddy/eclipseWorkspace/eclipse-workspace/Batch11MvnPrj/target/surefire/surefirebooter18234907495521407705.jar /Users/karthikreddy/eclipseWorkspace/eclipse-workspace/Batch11MvnPrj/target/surefire 2021-09-13T08-44-48_388-jvmRun1 surefire8350198798262833925tmp surefire_015919176737230311439tmp"/>
    <property name="http.nonProxyHosts" value="local|*.local|169.254/16|*.169.254/16"/>
    <property name="jdk.debug" value="release"/>
    <property name="surefire.test.class.path" value="/Users/karthikreddy/eclipseWorkspace/eclipse-workspace/Batch11MvnPrj/target/test-classes:/Users/karthikreddy/eclipseWorkspace/eclipse-workspace/Batch11MvnPrj/target/classes:/Users/karthikreddy/.m2/repository/org/seleniumhq/selenium/selenium-java/3.141.59/selenium-java-3.141.59.jar:/Users/karthikreddy/.m2/repository/org/seleniumhq/selenium/selenium-api/3.141.59/selenium-api-3.141.59.jar:/Users/karthikreddy/.m2/repository/org/seleniumhq/selenium/selenium-chrome-driver/3.141.59/selenium-chrome-driver-3.141.59.jar:/Users/karthikreddy/.m2/repository/org/seleniumhq/selenium/selenium-edge-driver/3.141.59/selenium-edge-driver-3.141.59.jar:/Users/karthikreddy/.m2/repository/org/seleniumhq/selenium/selenium-firefox-driver/3.141.59/selenium-firefox-driver-3.141.59.jar:/Users/karthikreddy/.m2/repository/org/seleniumhq/selenium/selenium-ie-driver/3.141.59/selenium-ie-driver-3.141.59.jar:/Users/karthikreddy/.m2/repository/org/seleniumhq/selenium/selenium-opera-driver/3.141.59/selenium-opera-driver-3.141.59.jar:/Users/karthikreddy/.m2/repository/org/seleniumhq/selenium/selenium-remote-driver/3.141.59/selenium-remote-driver-3.141.59.jar:/Users/karthikreddy/.m2/repository/org/seleniumhq/selenium/selenium-safari-driver/3.141.59/selenium-safari-driver-3.141.59.jar:/Users/karthikreddy/.m2/repository/org/seleniumhq/selenium/selenium-support/3.141.59/selenium-support-3.141.59.jar:/Users/karthikreddy/.m2/repository/net/bytebuddy/byte-buddy/1.8.15/byte-buddy-1.8.15.jar:/Users/karthikreddy/.m2/repository/org/apache/commons/commons-exec/1.3/commons-exec-1.3.jar:/Users/karthikreddy/.m2/repository/com/google/guava/guava/25.0-jre/guava-25.0-jre.jar:/Users/karthikreddy/.m2/repository/com/google/code/findbugs/jsr305/1.3.9/jsr305-1.3.9.jar:/Users/karthikreddy/.m2/repository/org/checkerframework/checker-compat-qual/2.0.0/checker-compat-qual-2.0.0.jar:/Users/karthikreddy/.m2/repository/com/google/errorprone/error_prone_annotations/2.1.3/error_prone_annotations-2.1.3.jar:/Users/karthikreddy/.m2/repository/com/google/j2objc/j2objc-annotations/1.1/j2objc-annotations-1.1.jar:/Users/karthikreddy/.m2/repository/org/codehaus/mojo/animal-sniffer-annotations/1.14/animal-sniffer-annotations-1.14.jar:/Users/karthikreddy/.m2/repository/com/squareup/okhttp3/okhttp/3.11.0/okhttp-3.11.0.jar:/Users/karthikreddy/.m2/repository/com/squareup/okio/okio/1.14.0/okio-1.14.0.jar:/Users/karthikreddy/.m2/repository/commons-io/commons-io/2.11.0/commons-io-2.11.0.jar:/Users/karthikreddy/.m2/repository/org/testng/testng/7.4.0/testng-7.4.0.jar:/Users/karthikreddy/.m2/repository/com/beust/jcommander/1.78/jcommander-1.78.jar:/Users/karthikreddy/.m2/repository/org/webjars/jquery/3.5.1/jquery-3.5.1.jar:/Users/karthikreddy/.m2/repository/com/aventstack/extentreports/3.1.5/extentreports-3.1.5.jar:/Users/karthikreddy/.m2/repository/org/freemarker/freemarker/2.3.23/freemarker-2.3.23.jar:/Users/karthikreddy/.m2/repository/org/mongodb/mongodb-driver/3.3.0/mongodb-driver-3.3.0.jar:/Users/karthikreddy/.m2/repository/org/mongodb/bson/3.3.0/bson-3.3.0.jar:/Users/karthikreddy/.m2/repository/org/mongodb/mongodb-driver-core/3.3.0/mongodb-driver-core-3.3.0.jar:/Users/karthikreddy/.m2/repository/org/apache/httpcomponents/httpclient/4.5.2/httpclient-4.5.2.jar:/Users/karthikreddy/.m2/repository/org/apache/httpcomponents/httpcore/4.4.4/httpcore-4.4.4.jar:/Users/karthikreddy/.m2/repository/commons-logging/commons-logging/1.2/commons-logging-1.2.jar:/Users/karthikreddy/.m2/repository/commons-codec/commons-codec/1.9/commons-codec-1.9.jar:/Users/karthikreddy/.m2/repository/org/apache/httpcomponents/httpmime/4.5.2/httpmime-4.5.2.jar:/Users/karthikreddy/.m2/repository/org/jsoup/jsoup/1.9.2/jsoup-1.9.2.jar:/Users/karthikreddy/.m2/repository/com/google/code/gson/gson/2.8.0/gson-2.8.0.jar:/Users/karthikreddy/.m2/repository/org/apache/logging/log4j/log4j-api/2.14.1/log4j-api-2.14.1.jar:/Users/karthikreddy/.m2/repository/org/apache/logging/log4j/log4j-core/2.14.1/log4j-core-2.14.1.jar:"/>
    <property name="sun.cpu.endian" value="little"/>
    <property name="user.home" value="/Users/karthikreddy"/>
    <property name="user.language" value="en"/>
    <property name="java.specification.vendor" value="Oracle Corporation"/>
    <property name="java.version.date" value="2021-04-20"/>
    <property name="java.home" value="/Library/Java/JavaVirtualMachines/jdk-11.0.11.jdk/Contents/Home"/>
    <property name="file.separator" value="/"/>
    <property name="basedir" value="/Users/karthikreddy/eclipseWorkspace/eclipse-workspace/Batch11MvnPrj"/>
    <property name="java.vm.compressedOopsMode" value="Zero based"/>
    <property name="line.separator" value="&#10;"/>
    <property name="java.specification.name" value="Java Platform API Specification"/>
    <property name="java.vm.specification.vendor" value="Oracle Corporation"/>
    <property name="java.awt.graphicsenv" value="sun.awt.CGraphicsEnvironment"/>
    <property name="surefire.real.class.path" value="/Users/karthikreddy/eclipseWorkspace/eclipse-workspace/Batch11MvnPrj/target/surefire/surefirebooter18234907495521407705.jar"/>
    <property name="sun.management.compiler" value="HotSpot 64-Bit Tiered Compilers"/>
    <property name="ftp.nonProxyHosts" value="local|*.local|169.254/16|*.169.254/16"/>
    <property name="java.runtime.version" value="11.0.11+9-LTS-194"/>
    <property name="user.name" value="karthikreddy"/>
    <property name="path.separator" value=":"/>
    <property name="os.version" value="10.16"/>
    <property name="java.runtime.name" value="Java(TM) SE Runtime Environment"/>
    <property name="file.encoding" value="UTF-8"/>
    <property name="java.vm.name" value="Java HotSpot(TM) 64-Bit Server VM"/>
    <property name="java.vendor.version" value="18.9"/>
    <property name="localRepository" value="/Users/karthikreddy/.m2/repository"/>
    <property name="java.vendor.url.bug" value="https://bugreport.java.com/bugreport/"/>
    <property name="java.io.tmpdir" value="/var/folders/sb/ng38vb9d25d8k5lqrljj4q100000gn/T/"/>
    <property name="java.version" value="11.0.11"/>
    <property name="user.dir" value="/Users/karthikreddy/eclipseWorkspace/eclipse-workspace/Batch11MvnPrj"/>
    <property name="os.arch" value="x86_64"/>
    <property name="java.vm.specification.name" value="Java Virtual Machine Specification"/>
    <property name="java.awt.printerjob" value="sun.lwawt.macosx.CPrinterJob"/>
    <property name="sun.os.patch.level" value="unknown"/>
    <property name="java.library.path" value="/Users/karthikreddy/Library/Java/Extensions:/Library/Java/Extensions:/Network/Library/Java/Extensions:/System/Library/Java/Extensions:/usr/lib/java:."/>
    <property name="java.vendor" value="Oracle Corporation"/>
    <property name="java.vm.info" value="mixed mode"/>
    <property name="java.vm.version" value="11.0.11+9-LTS-194"/>
    <property name="sun.io.unicode.encoding" value="UnicodeBig"/>
    <property name="java.class.version" value="55.0"/>
    <property name="socksNonProxyHosts" value="local|*.local|169.254/16|*.169.254/16"/>
  </properties>
  <testcase name="testEmptyLogin" classname="com.ap.tests.LoginTest" time="11.355"/>
  <testcase name="testValidLogin" classname="com.ap.tests.LoginTest" time="23.832"/>
  <testcase name="testinValidLogin" classname="com.ap.tests.LoginTest" time="10.828"/>
</testsuite>